{
  "RSpec": {
    "coverage": {
      "/home/limabetalabs/workspace/todolist/app/models/user.rb": [
        1,
        null,
        null,
        1,
        null,
        null
      ],
      "/home/limabetalabs/workspace/todolist/app/helpers/application_helper.rb": [
        1,
        1,
        8,
        8,
        null,
        null
      ],
      "/home/limabetalabs/workspace/todolist/app/controllers/application_controller.rb": [
        1,
        null,
        null,
        1,
        null
      ],
      "/home/limabetalabs/workspace/todolist/app/controllers/home_controller.rb": [
        1,
        1,
        null,
        null
      ],
      "/home/limabetalabs/workspace/todolist/app/models/list.rb": [
        1,
        1,
        1,
        1,
        null
      ],
      "/home/limabetalabs/workspace/todolist/app/controllers/lists_controller.rb": [
        1,
        1,
        null,
        1,
        2,
        null,
        null,
        1,
        1,
        null,
        null,
        1,
        1,
        1,
        1,
        1,
        null,
        0,
        null,
        null,
        null,
        1,
        4,
        4,
        null,
        null,
        1,
        null,
        1,
        1,
        null,
        null
      ],
      "/home/limabetalabs/workspace/todolist/app/models/task.rb": [
        1,
        1,
        1,
        null
      ],
      "/home/limabetalabs/workspace/todolist/app/controllers/tasks_controller.rb": [
        1,
        1,
        2,
        2,
        2,
        2,
        null,
        null,
        1,
        null,
        1,
        2,
        null,
        null
      ]
    },
    "timestamp": 1459896559
  }
}
